# JRE version: OpenJDK Runtime Environment (17.0.7) (build 17.0.7+0-b2043.56-10550314)
# Java VM: OpenJDK 64-Bit Server VM (17.0.7+0-b2043.56-10550314, mixed mode, tiered, compressed oops, compressed class ptrs, g1 gc, windows-amd64)
GC Precious Log:
 CPUs: 16 total, 16 available
 Memory: 7876M
 Large Page Support: Disabled
 NUMA Support: Disabled
 Compressed Oops: Enabled (32-bit)
 Heap Region Size: 1M
 Heap Min Capacity: 8M
 Heap Initial Capacity: 124M
 Heap Max Capacity: 2G
 Pre-touch: Disabled
 Parallel Workers: 13
 Concurrent Workers: 3
 Concurrent Refinement Workers: 13
 Periodic GC: Disabled
Heap:
 garbage-first heap   total 324608K, used 142386K [0x0000000080000000, 0x0000000100000000)
  region size 1024K, 12 young (12288K), 12 survivors (12288K)
 Metaspace       used 162884K, committed 163968K, reserved 1245184K
  class space    used 23286K, committed 23808K, reserved 1048576K
GC Heap History (20 events):
Event: 275.137 GC heap after
{Heap after GC invocations=69 (full 0):
 garbage-first heap   total 324608K, used 144737K [0x0000000080000000, 0x0000000100000000)
  region size 1024K, 1 young (1024K), 1 survivors (1024K)
 Metaspace       used 160027K, committed 160896K, reserved 1245184K
  class space    used 23184K, committed 23616K, reserved 1048576K
}
Event: 275.408 GC heap before
{Heap before GC invocations=69 (full 0):
 garbage-first heap   total 324608K, used 169313K [0x0000000080000000, 0x0000000100000000)
  region size 1024K, 26 young (26624K), 1 survivors (1024K)
 Metaspace       used 160144K, committed 161024K, reserved 1245184K
  class space    used 23184K, committed 23616K, reserved 1048576K
}
Event: 275.412 GC heap after
{Heap after GC invocations=70 (full 0):
 garbage-first heap   total 324608K, used 148341K [0x0000000080000000, 0x0000000100000000)
  region size 1024K, 4 young (4096K), 4 survivors (4096K)
 Metaspace       used 160144K, committed 161024K, reserved 1245184K
  class space    used 23184K, committed 23616K, reserved 1048576K
}
Event: 276.007 GC heap before
{Heap before GC invocations=71 (full 0):
 garbage-first heap   total 324608K, used 277365K [0x0000000080000000, 0x0000000100000000)
  region size 1024K, 127 young (130048K), 4 survivors (4096K)
 Metaspace       used 160809K, committed 161664K, reserved 1245184K
  class space    used 23187K, committed 23616K, reserved 1048576K
}
Event: 276.013 GC heap after
{Heap after GC invocations=72 (full 0):
 garbage-first heap   total 324608K, used 152143K [0x0000000080000000, 0x0000000100000000)
  region size 1024K, 6 young (6144K), 6 survivors (6144K)
 Metaspace       used 160809K, committed 161664K, reserved 1245184K
  class space    used 23187K, committed 23616K, reserved 1048576K
}
Event: 276.096 GC heap before
{Heap before GC invocations=72 (full 0):
 garbage-first heap   total 324608K, used 161359K [0x0000000080000000, 0x0000000100000000)
  region size 1024K, 15 young (15360K), 6 survivors (6144K)
 Metaspace       used 160883K, committed 161792K, reserved 1245184K
  class space    used 23188K, committed 23616K, reserved 1048576K
}
Event: 276.105 GC heap after
{Heap after GC invocations=73 (full 0):
 garbage-first heap   total 324608K, used 136004K [0x0000000080000000, 0x0000000100000000)
  region size 1024K, 2 young (2048K), 2 survivors (2048K)
 Metaspace       used 160883K, committed 161792K, reserved 1245184K
  class space    used 23188K, committed 23616K, reserved 1048576K
}
Event: 276.222 GC heap before
{Heap before GC invocations=73 (full 0):
 garbage-first heap   total 324608K, used 165700K [0x0000000080000000, 0x0000000100000000)
  region size 1024K, 33 young (33792K), 2 survivors (2048K)
 Metaspace       used 160998K, committed 161920K, reserved 1245184K
  class space    used 23188K, committed 23616K, reserved 1048576K
}
Event: 276.228 GC heap after
{Heap after GC invocations=74 (full 0):
 garbage-first heap   total 324608K, used 141924K [0x0000000080000000, 0x0000000100000000)
  region size 1024K, 7 young (7168K), 7 survivors (7168K)
 Metaspace       used 160998K, committed 161920K, reserved 1245184K
  class space    used 23188K, committed 23616K, reserved 1048576K
}
Event: 614.702 GC heap before
{Heap before GC invocations=75 (full 0):
 garbage-first heap   total 324608K, used 290404K [0x0000000080000000, 0x0000000100000000)
  region size 1024K, 130 young (133120K), 7 survivors (7168K)
 Metaspace       used 161559K, committed 162496K, reserved 1245184K
  class space    used 23223K, committed 23680K, reserved 1048576K
}
Event: 614.738 GC heap after
{Heap after GC invocations=76 (full 0):
 garbage-first heap   total 324608K, used 135943K [0x0000000080000000, 0x0000000100000000)
  region size 1024K, 1 young (1024K), 1 survivors (1024K)
 Metaspace       used 161559K, committed 162496K, reserved 1245184K
  class space    used 23223K, committed 23680K, reserved 1048576K
}
Event: 614.998 GC heap before
{Heap before GC invocations=76 (full 0):
 garbage-first heap   total 324608K, used 150279K [0x0000000080000000, 0x0000000100000000)
  region size 1024K, 15 young (15360K), 1 survivors (1024K)
 Metaspace       used 161594K, committed 162560K, reserved 1245184K
  class space    used 23228K, committed 23680K, reserved 1048576K
}
Event: 615.043 GC heap after
{Heap after GC invocations=77 (full 0):
 garbage-first heap   total 324608K, used 134122K [0x0000000080000000, 0x0000000100000000)
  region size 1024K, 2 young (2048K), 2 survivors (2048K)
 Metaspace       used 161594K, committed 162560K, reserved 1245184K
  class space    used 23228K, committed 23680K, reserved 1048576K
}
Event: 1089.165 GC heap before
{Heap before GC invocations=77 (full 0):
 garbage-first heap   total 324608K, used 272362K [0x0000000080000000, 0x0000000100000000)
  region size 1024K, 137 young (140288K), 2 survivors (2048K)
 Metaspace       used 162161K, committed 163136K, reserved 1245184K
  class space    used 23266K, committed 23744K, reserved 1048576K
}
Event: 1089.252 GC heap after
{Heap after GC invocations=78 (full 0):
 garbage-first heap   total 324608K, used 138183K [0x0000000080000000, 0x0000000100000000)
  region size 1024K, 6 young (6144K), 6 survivors (6144K)
 Metaspace       used 162161K, committed 163136K, reserved 1245184K
  class space    used 23266K, committed 23744K, reserved 1048576K
}
Event: 1369.854 GC heap before
{Heap before GC invocations=79 (full 0):
 garbage-first heap   total 324608K, used 295879K [0x0000000080000000, 0x0000000100000000)
  region size 1024K, 137 young (140288K), 6 survivors (6144K)
 Metaspace       used 162559K, committed 163584K, reserved 1245184K
  class space    used 23271K, committed 23744K, reserved 1048576K
}
Event: 1370.039 GC heap after
{Heap after GC invocations=80 (full 0):
 garbage-first heap   total 324608K, used 137191K [0x0000000080000000, 0x0000000100000000)
  region size 1024K, 3 young (3072K), 3 survivors (3072K)
 Metaspace       used 162559K, committed 163584K, reserved 1245184K
  class space    used 23271K, committed 23744K, reserved 1048576K
}
Event: 1370.779 GC heap before
{Heap before GC invocations=80 (full 0):
 garbage-first heap   total 324608K, used 149479K [0x0000000080000000, 0x0000000100000000)
  region size 1024K, 15 young (15360K), 3 survivors (3072K)
 Metaspace       used 162575K, committed 163584K, reserved 1245184K
  class space    used 23272K, committed 23744K, reserved 1048576K
}
Event: 1370.855 GC heap after
{Heap after GC invocations=81 (full 0):
 garbage-first heap   total 324608K, used 130840K [0x0000000080000000, 0x0000000100000000)
  region size 1024K, 1 young (1024K), 1 survivors (1024K)
 Metaspace       used 162575K, committed 163584K, reserved 1245184K
  class space    used 23272K, committed 23744K, reserved 1048576K
}
Event: 1374.538 GC heap before
{Heap before GC invocations=81 (full 0):
 garbage-first heap   total 324608K, used 208664K [0x0000000080000000, 0x0000000100000000)
  region size 1024K, 79 young (80896K), 1 survivors (1024K)
 Metaspace       used 162884K, committed 163968K, reserved 1245184K
  class space    used 23286K, committed 23808K, reserved 1048576K
}

